[32m[2020-01-11 10:06:34,595] [logger.py:91] [logger:__console] [INFO]- Interface Params Totalï¼š7 ,write to json file successfully!
[0m
[32m[2020-01-11 10:09:27,736] [logger.py:91] [logger:__console] [INFO]- Interface Params Totalï¼š7 ,write to json file successfully!
[0m
[36m[2020-01-11 11:20:56,689] [logger.py:93] [logger:__console] [DEBUG]- ---æµ‹è¯•å¼€å§‹----[0m
[32m[2020-01-11 11:20:56,690] [logger.py:91] [logger:__console] [INFO]- æ“ä½œæ­¥éª¤[0m
[33m[2020-01-11 11:20:56,691] [logger.py:95] [logger:__console] [WARNING]- ----æµ‹è¯•ç»“æŸ----[0m
[31m[2020-01-11 11:20:56,691] [logger.py:97] [logger:__console] [ERROR]- ----æµ‹è¯•é”™è¯¯----[0m
[32m[2020-01-11 11:25:10,162] [logger.py:91] [logger:__console] [INFO]- :ã€å¼€å§‹æ¯”å¯¹ã€‘...
[0m
[32m[2020-01-11 11:25:10,163] [logger.py:91] [logger:__console] [INFO]- No sheet named <'å‰å°api'>[0m
[32m[2020-01-11 11:25:10,167] [logger.py:91] [logger:__console] [INFO]- :ã€å¼€å§‹æ¯”å¯¹ã€‘...
[0m
[32m[2020-01-11 11:25:10,168] [logger.py:91] [logger:__console] [INFO]- No sheet named <'åå°api'>[0m
[32m[2020-01-11 11:26:37,945] [logger.py:91] [logger:__console] [INFO]- :ã€å¼€å§‹æ¯”å¯¹ã€‘...
[0m
[32m[2020-01-11 11:26:37,945] [logger.py:91] [logger:__console] [INFO]- No sheet named <'å‰å°api'>[0m
[32m[2020-01-11 11:26:37,949] [logger.py:91] [logger:__console] [INFO]- :ã€å¼€å§‹æ¯”å¯¹ã€‘...
[0m
[32m[2020-01-11 11:26:37,950] [logger.py:91] [logger:__console] [INFO]- No sheet named <'åå°api'>[0m
[32m[2020-01-11 11:28:20,731] [logger.py:91] [logger:__console] [INFO]- :ã€å¼€å§‹æ¯”å¯¹ã€‘...
[0m
[32m[2020-01-11 11:28:20,732] [logger.py:91] [logger:__console] [INFO]- No sheet named <'å‰å°api'>[0m
[32m[2020-01-11 11:28:20,737] [logger.py:91] [logger:__console] [INFO]- :ã€å¼€å§‹æ¯”å¯¹ã€‘...
[0m
[32m[2020-01-11 11:28:20,738] [logger.py:91] [logger:__console] [INFO]- No sheet named <'åå°api'>[0m
[32m[2020-01-11 11:28:20,740] [logger.py:91] [logger:__console] [INFO]- jsonæ•°æ®æ¯”å¯¹ç»“æœå†™å…¥htmlä¸­.[0m
[32m[2020-01-11 11:28:39,022] [logger.py:91] [logger:__console] [INFO]- Interface Params Totalï¼š7 ,write to json file successfully!
[0m
[32m[2020-01-11 11:30:25,606] [logger.py:91] [logger:__console] [INFO]- Interface Params Totalï¼š7 ,write to json file successfully!
[0m
[32m[2020-01-11 11:30:53,768] [logger.py:91] [logger:__console] [INFO]- Interface Params Totalï¼š7 ,write to json file successfully!
[0m
[32m[2020-01-11 11:46:18,632] [logger.py:91] [logger:__console] [INFO]- Interface Params Totalï¼š7 ,write to json file successfully!
[0m
[32m[2020-01-11 11:46:32,843] [logger.py:91] [logger:__console] [INFO]- Interface Params Totalï¼š7 ,write to json file successfully!
[0m
[32m[2020-01-11 11:46:50,947] [logger.py:91] [logger:__console] [INFO]- Interface Params Totalï¼š7 ,write to json file successfully!
[0m
[32m[2020-01-11 11:47:57,684] [logger.py:91] [logger:__console] [INFO]- Interface Params Totalï¼š7 ,write to json file successfully!
[0m
[32m[2020-01-11 11:49:12,723] [logger.py:91] [logger:__console] [INFO]- Interface Params Totalï¼š7 ,write to json file successfully!
[0m
[32m[2020-01-11 11:49:26,778] [logger.py:91] [logger:__console] [INFO]- Interface Params Totalï¼š7 ,write to json file successfully!
[0m
[32m[2020-01-11 11:50:46,316] [logger.py:91] [logger:__console] [INFO]- Interface Params Totalï¼š7 ,write to json file successfully!
[0m
[32m[2020-01-11 11:51:22,672] [logger.py:91] [logger:__console] [INFO]- Interface Params Totalï¼š7 ,write to json file successfully!
[0m
[32m[2020-01-11 11:53:03,603] [logger.py:91] [logger:__console] [INFO]- Interface Params Totalï¼š7 ,write to json file successfully!
[0m
[32m[2020-01-11 11:53:22,524] [logger.py:91] [logger:__console] [INFO]- Interface Params Totalï¼š7 ,write to json file successfully!
[0m
[32m[2020-01-11 11:54:58,266] [logger.py:91] [logger:__console] [INFO]- Interface Params Totalï¼š7 ,write to json file successfully!
[0m
[32m[2020-01-11 11:55:10,692] [logger.py:91] [logger:__console] [INFO]- Interface Params Totalï¼š7 ,write to json file successfully!
[0m
[32m[2020-01-11 11:57:15,672] [logger.py:91] [logger:__console] [INFO]- Interface Params Totalï¼š7 ,write to json file successfully!
[0m
[32m[2020-01-11 11:57:49,304] [logger.py:91] [logger:__console] [INFO]- Interface Params Totalï¼š7 ,write to json file successfully!
[0m
[32m[2020-01-11 11:58:17,224] [logger.py:91] [logger:__console] [INFO]- Interface Params Totalï¼š7 ,write to json file successfully!
[0m
[32m[2020-01-11 11:58:31,134] [logger.py:91] [logger:__console] [INFO]- Interface Params Totalï¼š7 ,write to json file successfully!
[0m
[32m[2020-01-11 11:59:06,398] [logger.py:91] [logger:__console] [INFO]- Interface Params Totalï¼š7 ,write to json file successfully!
[0m
[32m[2020-01-11 11:59:26,457] [logger.py:91] [logger:__console] [INFO]- Interface Params Totalï¼š7 ,write to json file successfully!
[0m
[32m[2020-01-11 11:59:59,249] [logger.py:91] [logger:__console] [INFO]- Interface Params Totalï¼š7 ,write to json file successfully!
[0m
[32m[2020-01-11 12:00:09,073] [logger.py:91] [logger:__console] [INFO]- Interface Params Totalï¼š7 ,write to json file successfully!
[0m
[32m[2020-01-11 12:00:43,801] [logger.py:91] [logger:__console] [INFO]- Interface Params Totalï¼š7 ,write to json file successfully!
[0m
[32m[2020-01-11 12:01:11,386] [logger.py:91] [logger:__console] [INFO]- Interface Params Totalï¼š7 ,write to json file successfully!
[0m
[32m[2020-01-11 12:01:32,172] [logger.py:91] [logger:__console] [INFO]- Interface Params Totalï¼š7 ,write to json file successfully!
[0m
[32m[2020-01-11 12:01:46,815] [logger.py:91] [logger:__console] [INFO]- Interface Params Totalï¼š7 ,write to json file successfully!
[0m
[32m[2020-01-11 13:01:35,679] [logger.py:91] [logger:__console] [INFO]- Interface Params Totalï¼š7 ,write to json file successfully!
[0m
[32m[2020-01-11 13:01:44,565] [logger.py:91] [logger:__console] [INFO]- Interface Params Totalï¼š7 ,write to json file successfully!
[0m
[32m[2020-01-11 13:02:40,370] [logger.py:91] [logger:__console] [INFO]- Interface Params Totalï¼š7 ,write to json file successfully!
[0m
[32m[2020-01-11 15:18:45,126] [logger.py:91] [logger:__console] [INFO]- Interface Params Totalï¼š7 ,write to json file successfully!
[0m
[32m[2020-01-11 15:19:36,945] [logger.py:91] [logger:__console] [INFO]- Interface Params Totalï¼š7 ,write to json file successfully!
[0m
[32m[2020-01-11 15:23:02,842] [logger.py:91] [logger:__console] [INFO]- Interface Params Totalï¼š7 ,write to json file successfully!
[0m
[32m[2020-01-11 15:24:14,780] [logger.py:91] [logger:__console] [INFO]- Interface Params Totalï¼š7 ,write to json file successfully!
[0m
[32m[2020-01-11 15:24:43,294] [logger.py:91] [logger:__console] [INFO]- Interface Params Totalï¼š7 ,write to json file successfully!
[0m
[32m[2020-01-11 15:50:19,153] [logger.py:91] [logger:__console] [INFO]- Interface Params Totalï¼š7 ,write to json file successfully!
[0m
[32m[2020-01-11 15:52:14,741] [logger.py:91] [logger:__console] [INFO]- Interface Params Totalï¼š7 ,write to json file successfully!
[0m
[32m[2020-01-11 15:52:33,414] [logger.py:91] [logger:__console] [INFO]- Interface Params Totalï¼š7 ,write to json file successfully!
[0m
[32m[2020-01-11 15:52:59,129] [logger.py:91] [logger:__console] [INFO]- Interface Params Totalï¼š7 ,write to json file successfully!
[0m
[32m[2020-01-11 15:53:15,366] [logger.py:91] [logger:__console] [INFO]- Interface Params Totalï¼š7 ,write to json file successfully!
[0m
[32m[2020-01-11 15:53:30,145] [logger.py:91] [logger:__console] [INFO]- Interface Params Totalï¼š7 ,write to json file successfully!
[0m
[32m[2020-01-11 16:05:17,879] [logger.py:91] [logger:__console] [INFO]- Interface Params Totalï¼š7 ,write to json file successfully!
[0m
[32m[2020-01-11 16:05:50,094] [logger.py:91] [logger:__console] [INFO]- Interface Params Totalï¼š7 ,write to json file successfully!
[0m
[32m[2020-01-11 16:06:07,008] [logger.py:91] [logger:__console] [INFO]- Interface Params Totalï¼š7 ,write to json file successfully!
[0m
[32m[2020-01-11 16:06:47,595] [logger.py:91] [logger:__console] [INFO]- Interface Params Totalï¼š7 ,write to json file successfully!
[0m
[32m[2020-01-11 16:07:06,692] [logger.py:91] [logger:__console] [INFO]- Interface Params Totalï¼š7 ,write to json file successfully!
[0m
[32m[2020-01-11 16:08:57,426] [logger.py:91] [logger:__console] [INFO]- Interface Params Totalï¼š7 ,write to json file successfully!
[0m
[32m[2020-01-11 16:10:42,560] [logger.py:91] [logger:__console] [INFO]- Interface Params Totalï¼š7 ,write to json file successfully!
[0m
[32m[2020-01-11 16:11:15,060] [logger.py:91] [logger:__console] [INFO]- Interface Params Totalï¼š7 ,write to json file successfully!
[0m
[32m[2020-01-11 16:11:40,348] [logger.py:91] [logger:__console] [INFO]- Interface Params Totalï¼š7 ,write to json file successfully!
[0m
[32m[2020-01-11 16:12:17,834] [logger.py:91] [logger:__console] [INFO]- Interface Params Totalï¼š7 ,write to json file successfully!
[0m
[32m[2020-01-11 16:18:18,931] [logger.py:91] [logger:__console] [INFO]- Interface Params Totalï¼š7 ,write to json file successfully!
[0m
[32m[2020-01-11 16:21:47,883] [logger.py:91] [logger:__console] [INFO]- Interface Params Totalï¼š7 ,write to json file successfully!
[0m
[32m[2020-01-11 16:24:02,663] [logger.py:91] [logger:__console] [INFO]- Interface Params Totalï¼š7 ,write to json file successfully!
[0m
[32m[2020-01-11 16:25:28,079] [logger.py:91] [logger:__console] [INFO]- Interface Params Totalï¼š7 ,write to json file successfully!
[0m
[32m[2020-01-11 16:29:20,574] [logger.py:91] [logger:__console] [INFO]- Interface Params Totalï¼š7 ,write to json file successfully!
[0m
[32m[2020-01-11 16:31:44,099] [logger.py:91] [logger:__console] [INFO]- Interface Params Totalï¼š7 ,write to json file successfully!
[0m
[32m[2020-01-11 16:43:44,999] [logger.py:91] [logger:__console] [INFO]- Interface Params Totalï¼š7 ,write to json file successfully!
[0m
[32m[2020-01-11 16:44:01,815] [logger.py:91] [logger:__console] [INFO]- Interface Params Totalï¼š7 ,write to json file successfully!
[0m
[32m[2020-01-11 16:44:17,739] [logger.py:91] [logger:__console] [INFO]- Interface Params Totalï¼š7 ,write to json file successfully!
[0m
[32m[2020-01-11 16:44:38,967] [logger.py:91] [logger:__console] [INFO]- Interface Params Totalï¼š7 ,write to json file successfully!
[0m
[32m[2020-01-11 16:44:49,663] [logger.py:91] [logger:__console] [INFO]- Interface Params Totalï¼š7 ,write to json file successfully!
[0m
[32m[2020-01-11 16:46:05,991] [logger.py:91] [logger:__console] [INFO]- Interface Params Totalï¼š7 ,write to json file successfully!
[0m
[32m[2020-01-11 16:46:42,547] [logger.py:91] [logger:__console] [INFO]- Interface Params Totalï¼š7 ,write to json file successfully!
[0m
[32m[2020-01-11 16:49:34,485] [logger.py:91] [logger:__console] [INFO]- Interface Params Totalï¼š7 ,write to json file successfully!
[0m
[32m[2020-01-11 16:54:07,205] [logger.py:91] [logger:__console] [INFO]- Interface Params Totalï¼š7 ,write to json file successfully!
[0m
[32m[2020-01-11 16:54:07,207] [logger.py:91] [logger:__console] [INFO]- æ— keyé”®:deprecated[0m
[32m[2020-01-11 16:54:07,207] [logger.py:91] [logger:__console] [INFO]- æ— keyé”®:deprecated[0m
[32m[2020-01-11 16:54:07,208] [logger.py:91] [logger:__console] [INFO]- æ— keyé”®:deprecated[0m
[32m[2020-01-11 16:54:07,209] [logger.py:91] [logger:__console] [INFO]- æ— keyé”®:deprecated[0m
[32m[2020-01-11 16:54:07,210] [logger.py:91] [logger:__console] [INFO]- æ— keyé”®:deprecated[0m
[32m[2020-01-11 16:54:07,210] [logger.py:91] [logger:__console] [INFO]- æ— keyé”®:deprecated[0m
[32m[2020-01-11 16:54:07,211] [logger.py:91] [logger:__console] [INFO]- æ— keyé”®:deprecated[0m
[32m[2020-01-11 16:54:07,212] [logger.py:91] [logger:__console] [INFO]- æ— keyé”®:deprecated[0m
[32m[2020-01-11 16:54:07,212] [logger.py:91] [logger:__console] [INFO]- æ— keyé”®:deprecated[0m
[32m[2020-01-11 16:54:07,213] [logger.py:91] [logger:__console] [INFO]- æ— keyé”®:deprecated[0m
[32m[2020-01-11 16:54:07,214] [logger.py:91] [logger:__console] [INFO]- æ— keyé”®:deprecated[0m
[32m[2020-01-11 16:54:07,215] [logger.py:91] [logger:__console] [INFO]- æ— keyé”®:deprecated[0m
[32m[2020-01-11 16:54:07,215] [logger.py:91] [logger:__console] [INFO]- æ— keyé”®:deprecated[0m
[32m[2020-01-11 16:54:07,216] [logger.py:91] [logger:__console] [INFO]- æ— keyé”®:deprecated[0m
[32m[2020-01-11 16:54:07,217] [logger.py:91] [logger:__console] [INFO]- æ— keyé”®:deprecated[0m
[32m[2020-01-11 16:54:07,217] [logger.py:91] [logger:__console] [INFO]- æ— keyé”®:deprecated[0m
[32m[2020-01-11 16:54:07,218] [logger.py:91] [logger:__console] [INFO]- æ— keyé”®:deprecated[0m
[32m[2020-01-11 16:54:07,219] [logger.py:91] [logger:__console] [INFO]- æ— keyé”®:deprecated[0m
[32m[2020-01-11 16:54:07,220] [logger.py:91] [logger:__console] [INFO]- æ— keyé”®:deprecated[0m
[32m[2020-01-11 16:54:07,221] [logger.py:91] [logger:__console] [INFO]- æ— keyé”®:deprecated[0m
[32m[2020-01-11 16:54:07,222] [logger.py:91] [logger:__console] [INFO]- æ— keyé”®:deprecated[0m
[32m[2020-01-11 16:54:07,222] [logger.py:91] [logger:__console] [INFO]- æ— keyé”®:deprecated[0m
[32m[2020-01-11 16:54:07,223] [logger.py:91] [logger:__console] [INFO]- æ— keyé”®:deprecated[0m
[32m[2020-01-11 16:54:07,224] [logger.py:91] [logger:__console] [INFO]- æ— keyé”®:deprecated[0m
[32m[2020-01-11 16:54:07,225] [logger.py:91] [logger:__console] [INFO]- æ— keyé”®:deprecated[0m
[32m[2020-01-11 16:54:07,226] [logger.py:91] [logger:__console] [INFO]- æ— keyé”®:deprecated[0m
[32m[2020-01-11 16:54:07,226] [logger.py:91] [logger:__console] [INFO]- æ— keyé”®:deprecated[0m
[32m[2020-01-11 16:54:07,227] [logger.py:91] [logger:__console] [INFO]- æ— keyé”®:deprecated[0m
[32m[2020-01-11 16:54:07,228] [logger.py:91] [logger:__console] [INFO]- æ— keyé”®:deprecated[0m
[32m[2020-01-11 16:54:07,229] [logger.py:91] [logger:__console] [INFO]- æ— keyé”®:deprecated[0m
[32m[2020-01-11 16:54:07,230] [logger.py:91] [logger:__console] [INFO]- æ— keyé”®:deprecated[0m
[32m[2020-01-11 16:54:07,230] [logger.py:91] [logger:__console] [INFO]- æ— keyé”®:deprecated[0m
[32m[2020-01-11 16:54:07,231] [logger.py:91] [logger:__console] [INFO]- æ— keyé”®:deprecated[0m
[32m[2020-01-11 16:54:07,232] [logger.py:91] [logger:__console] [INFO]- æ— keyé”®:deprecated[0m
[32m[2020-01-11 16:54:07,233] [logger.py:91] [logger:__console] [INFO]- æ— keyé”®:deprecated[0m
[32m[2020-01-11 16:54:07,233] [logger.py:91] [logger:__console] [INFO]- æ— keyé”®:deprecated[0m
[32m[2020-01-11 16:54:07,234] [logger.py:91] [logger:__console] [INFO]- æ— keyé”®:deprecated[0m
[32m[2020-01-11 16:54:07,235] [logger.py:91] [logger:__console] [INFO]- æ— keyé”®:deprecated[0m
[32m[2020-01-11 16:54:07,236] [logger.py:91] [logger:__console] [INFO]- æ— keyé”®:deprecated[0m
[32m[2020-01-11 16:54:07,236] [logger.py:91] [logger:__console] [INFO]- æ— keyé”®:deprecated[0m
[32m[2020-01-11 16:54:07,237] [logger.py:91] [logger:__console] [INFO]- æ— keyé”®:deprecated[0m
[32m[2020-01-11 16:54:07,238] [logger.py:91] [logger:__console] [INFO]- æ— keyé”®:deprecated[0m
[32m[2020-01-11 16:54:07,239] [logger.py:91] [logger:__console] [INFO]- æ— keyé”®:deprecated[0m
[32m[2020-01-11 16:54:07,239] [logger.py:91] [logger:__console] [INFO]- æ— keyé”®:deprecated[0m
[32m[2020-01-11 16:54:07,240] [logger.py:91] [logger:__console] [INFO]- æ— keyé”®:deprecated[0m
[32m[2020-01-11 16:54:07,241] [logger.py:91] [logger:__console] [INFO]- æ— keyé”®:deprecated[0m
[32m[2020-01-11 16:54:07,242] [logger.py:91] [logger:__console] [INFO]- æ— keyé”®:deprecated[0m
[32m[2020-01-11 16:54:07,243] [logger.py:91] [logger:__console] [INFO]- æ— keyé”®:deprecated[0m
[32m[2020-01-11 16:55:28,737] [logger.py:91] [logger:__console] [INFO]- Interface Params Totalï¼š7 ,write to json file successfully!
[0m
[32m[2020-01-11 16:55:28,738] [logger.py:91] [logger:__console] [INFO]- æ— keyé”®:deprecated[0m
[32m[2020-01-11 16:55:28,739] [logger.py:91] [logger:__console] [INFO]- æ— keyé”®:deprecated[0m
[32m[2020-01-11 16:55:28,740] [logger.py:91] [logger:__console] [INFO]- æ— keyé”®:deprecated[0m
[32m[2020-01-11 16:55:28,741] [logger.py:91] [logger:__console] [INFO]- æ— keyé”®:deprecated[0m
[32m[2020-01-11 16:55:28,741] [logger.py:91] [logger:__console] [INFO]- æ— keyé”®:deprecated[0m
[32m[2020-01-11 16:55:28,742] [logger.py:91] [logger:__console] [INFO]- æ— keyé”®:deprecated[0m
[32m[2020-01-11 16:55:28,743] [logger.py:91] [logger:__console] [INFO]- æ— keyé”®:deprecated[0m
[32m[2020-01-11 16:55:28,743] [logger.py:91] [logger:__console] [INFO]- æ— keyé”®:deprecated[0m
[32m[2020-01-11 16:55:28,744] [logger.py:91] [logger:__console] [INFO]- æ— keyé”®:deprecated[0m
[32m[2020-01-11 16:55:28,745] [logger.py:91] [logger:__console] [INFO]- æ— keyé”®:deprecated[0m
[32m[2020-01-11 16:55:28,746] [logger.py:91] [logger:__console] [INFO]- æ— keyé”®:deprecated[0m
[32m[2020-01-11 16:55:28,746] [logger.py:91] [logger:__console] [INFO]- æ— keyé”®:deprecated[0m
[32m[2020-01-11 16:55:28,747] [logger.py:91] [logger:__console] [INFO]- æ— keyé”®:deprecated[0m
[32m[2020-01-11 16:55:28,748] [logger.py:91] [logger:__console] [INFO]- æ— keyé”®:deprecated[0m
[32m[2020-01-11 16:55:28,749] [logger.py:91] [logger:__console] [INFO]- æ— keyé”®:deprecated[0m
[32m[2020-01-11 16:55:28,749] [logger.py:91] [logger:__console] [INFO]- æ— keyé”®:deprecated[0m
[32m[2020-01-11 16:55:28,750] [logger.py:91] [logger:__console] [INFO]- æ— keyé”®:deprecated[0m
[32m[2020-01-11 16:55:28,751] [logger.py:91] [logger:__console] [INFO]- æ— keyé”®:deprecated[0m
[32m[2020-01-11 16:55:28,752] [logger.py:91] [logger:__console] [INFO]- æ— keyé”®:deprecated[0m
[32m[2020-01-11 16:55:28,752] [logger.py:91] [logger:__console] [INFO]- æ— keyé”®:deprecated[0m
[32m[2020-01-11 16:55:28,753] [logger.py:91] [logger:__console] [INFO]- æ— keyé”®:deprecated[0m
[32m[2020-01-11 16:55:28,754] [logger.py:91] [logger:__console] [INFO]- æ— keyé”®:deprecated[0m
[32m[2020-01-11 16:55:28,754] [logger.py:91] [logger:__console] [INFO]- æ— keyé”®:deprecated[0m
[32m[2020-01-11 16:55:28,755] [logger.py:91] [logger:__console] [INFO]- æ— keyé”®:deprecated[0m
[32m[2020-01-11 16:55:28,756] [logger.py:91] [logger:__console] [INFO]- æ— keyé”®:deprecated[0m
[32m[2020-01-11 16:55:28,757] [logger.py:91] [logger:__console] [INFO]- æ— keyé”®:deprecated[0m
[32m[2020-01-11 16:55:28,758] [logger.py:91] [logger:__console] [INFO]- æ— keyé”®:deprecated[0m
[32m[2020-01-11 16:55:28,758] [logger.py:91] [logger:__console] [INFO]- æ— keyé”®:deprecated[0m
[32m[2020-01-11 16:55:28,760] [logger.py:91] [logger:__console] [INFO]- æ— keyé”®:deprecated[0m
[32m[2020-01-11 16:55:28,760] [logger.py:91] [logger:__console] [INFO]- æ— keyé”®:deprecated[0m
[32m[2020-01-11 16:55:28,761] [logger.py:91] [logger:__console] [INFO]- æ— keyé”®:deprecated[0m
[32m[2020-01-11 16:55:28,762] [logger.py:91] [logger:__console] [INFO]- æ— keyé”®:deprecated[0m
[32m[2020-01-11 16:55:28,763] [logger.py:91] [logger:__console] [INFO]- æ— keyé”®:deprecated[0m
[32m[2020-01-11 16:55:28,763] [logger.py:91] [logger:__console] [INFO]- æ— keyé”®:deprecated[0m
[32m[2020-01-11 16:55:28,764] [logger.py:91] [logger:__console] [INFO]- æ— keyé”®:deprecated[0m
[32m[2020-01-11 16:55:28,765] [logger.py:91] [logger:__console] [INFO]- æ— keyé”®:deprecated[0m
[32m[2020-01-11 16:55:28,765] [logger.py:91] [logger:__console] [INFO]- æ— keyé”®:deprecated[0m
[32m[2020-01-11 16:55:28,766] [logger.py:91] [logger:__console] [INFO]- æ— keyé”®:deprecated[0m
[32m[2020-01-11 16:55:28,767] [logger.py:91] [logger:__console] [INFO]- æ— keyé”®:deprecated[0m
[32m[2020-01-11 16:55:28,768] [logger.py:91] [logger:__console] [INFO]- æ— keyé”®:deprecated[0m
[32m[2020-01-11 16:55:28,769] [logger.py:91] [logger:__console] [INFO]- æ— keyé”®:deprecated[0m
[32m[2020-01-11 16:55:28,769] [logger.py:91] [logger:__console] [INFO]- æ— keyé”®:deprecated[0m
[32m[2020-01-11 16:55:28,770] [logger.py:91] [logger:__console] [INFO]- æ— keyé”®:deprecated[0m
[32m[2020-01-11 16:55:28,771] [logger.py:91] [logger:__console] [INFO]- æ— keyé”®:deprecated[0m
[32m[2020-01-11 16:55:28,772] [logger.py:91] [logger:__console] [INFO]- æ— keyé”®:deprecated[0m
[32m[2020-01-11 16:55:28,773] [logger.py:91] [logger:__console] [INFO]- æ— keyé”®:deprecated[0m
[32m[2020-01-11 16:55:28,774] [logger.py:91] [logger:__console] [INFO]- æ— keyé”®:deprecated[0m
[32m[2020-01-11 16:55:28,775] [logger.py:91] [logger:__console] [INFO]- æ— keyé”®:deprecated[0m
[32m[2020-01-11 16:55:49,819] [logger.py:91] [logger:__console] [INFO]- Interface Params Totalï¼š7 ,write to json file successfully!
[0m
[32m[2020-01-11 16:55:49,821] [logger.py:91] [logger:__console] [INFO]- æ— keyé”®:deprecated[0m
[32m[2020-01-11 16:55:49,822] [logger.py:91] [logger:__console] [INFO]- æ— keyé”®:deprecated[0m
[32m[2020-01-11 16:55:49,823] [logger.py:91] [logger:__console] [INFO]- æ— keyé”®:deprecated[0m
[32m[2020-01-11 16:55:49,823] [logger.py:91] [logger:__console] [INFO]- æ— keyé”®:deprecated[0m
[32m[2020-01-11 16:55:49,824] [logger.py:91] [logger:__console] [INFO]- æ— keyé”®:deprecated[0m
[32m[2020-01-11 16:55:49,825] [logger.py:91] [logger:__console] [INFO]- æ— keyé”®:deprecated[0m
[32m[2020-01-11 16:55:49,826] [logger.py:91] [logger:__console] [INFO]- æ— keyé”®:deprecated[0m
[32m[2020-01-11 16:55:49,828] [logger.py:91] [logger:__console] [INFO]- æ— keyé”®:deprecated[0m
[32m[2020-01-11 16:55:49,829] [logger.py:91] [logger:__console] [INFO]- æ— keyé”®:deprecated[0m
[32m[2020-01-11 16:55:49,830] [logger.py:91] [logger:__console] [INFO]- æ— keyé”®:deprecated[0m
[32m[2020-01-11 16:55:49,832] [logger.py:91] [logger:__console] [INFO]- æ— keyé”®:deprecated[0m
[32m[2020-01-11 16:55:49,833] [logger.py:91] [logger:__console] [INFO]- æ— keyé”®:deprecated[0m
[32m[2020-01-11 16:55:49,833] [logger.py:91] [logger:__console] [INFO]- æ— keyé”®:deprecated[0m
[32m[2020-01-11 16:55:49,834] [logger.py:91] [logger:__console] [INFO]- æ— keyé”®:deprecated[0m
[32m[2020-01-11 16:55:49,835] [logger.py:91] [logger:__console] [INFO]- æ— keyé”®:deprecated[0m
[32m[2020-01-11 16:55:49,836] [logger.py:91] [logger:__console] [INFO]- æ— keyé”®:deprecated[0m
[32m[2020-01-11 16:55:49,837] [logger.py:91] [logger:__console] [INFO]- æ— keyé”®:deprecated[0m
[32m[2020-01-11 16:55:49,838] [logger.py:91] [logger:__console] [INFO]- æ— keyé”®:deprecated[0m
[32m[2020-01-11 16:55:49,839] [logger.py:91] [logger:__console] [INFO]- æ— keyé”®:deprecated[0m
[32m[2020-01-11 16:55:49,839] [logger.py:91] [logger:__console] [INFO]- æ— keyé”®:deprecated[0m
[32m[2020-01-11 16:55:49,840] [logger.py:91] [logger:__console] [INFO]- æ— keyé”®:deprecated[0m
[32m[2020-01-11 16:55:49,841] [logger.py:91] [logger:__console] [INFO]- æ— keyé”®:deprecated[0m
[32m[2020-01-11 16:55:49,841] [logger.py:91] [logger:__console] [INFO]- æ— keyé”®:deprecated[0m
[32m[2020-01-11 16:55:49,842] [logger.py:91] [logger:__console] [INFO]- æ— keyé”®:deprecated[0m
[32m[2020-01-11 16:55:49,843] [logger.py:91] [logger:__console] [INFO]- æ— keyé”®:deprecated[0m
[32m[2020-01-11 16:55:49,844] [logger.py:91] [logger:__console] [INFO]- æ— keyé”®:deprecated[0m
[32m[2020-01-11 16:55:49,845] [logger.py:91] [logger:__console] [INFO]- æ— keyé”®:deprecated[0m
[32m[2020-01-11 16:55:49,846] [logger.py:91] [logger:__console] [INFO]- æ— keyé”®:deprecated[0m
[32m[2020-01-11 16:55:49,846] [logger.py:91] [logger:__console] [INFO]- æ— keyé”®:deprecated[0m
[32m[2020-01-11 16:55:49,848] [logger.py:91] [logger:__console] [INFO]- æ— keyé”®:deprecated[0m
[32m[2020-01-11 16:55:49,849] [logger.py:91] [logger:__console] [INFO]- æ— keyé”®:deprecated[0m
[32m[2020-01-11 16:55:49,849] [logger.py:91] [logger:__console] [INFO]- æ— keyé”®:deprecated[0m
[32m[2020-01-11 16:55:49,850] [logger.py:91] [logger:__console] [INFO]- æ— keyé”®:deprecated[0m
[32m[2020-01-11 16:55:49,851] [logger.py:91] [logger:__console] [INFO]- æ— keyé”®:deprecated[0m
[32m[2020-01-11 16:55:49,852] [logger.py:91] [logger:__console] [INFO]- æ— keyé”®:deprecated[0m
[32m[2020-01-11 16:55:49,853] [logger.py:91] [logger:__console] [INFO]- æ— keyé”®:deprecated[0m
[32m[2020-01-11 16:55:49,854] [logger.py:91] [logger:__console] [INFO]- æ— keyé”®:deprecated[0m
[32m[2020-01-11 16:55:49,855] [logger.py:91] [logger:__console] [INFO]- æ— keyé”®:deprecated[0m
[32m[2020-01-11 16:55:49,856] [logger.py:91] [logger:__console] [INFO]- æ— keyé”®:deprecated[0m
[32m[2020-01-11 16:55:49,857] [logger.py:91] [logger:__console] [INFO]- æ— keyé”®:deprecated[0m
[32m[2020-01-11 16:55:49,857] [logger.py:91] [logger:__console] [INFO]- æ— keyé”®:deprecated[0m
[32m[2020-01-11 16:55:49,858] [logger.py:91] [logger:__console] [INFO]- æ— keyé”®:deprecated[0m
[32m[2020-01-11 16:55:49,859] [logger.py:91] [logger:__console] [INFO]- æ— keyé”®:deprecated[0m
[32m[2020-01-11 16:55:49,860] [logger.py:91] [logger:__console] [INFO]- æ— keyé”®:deprecated[0m
[32m[2020-01-11 16:55:49,861] [logger.py:91] [logger:__console] [INFO]- æ— keyé”®:deprecated[0m
[32m[2020-01-11 16:55:49,862] [logger.py:91] [logger:__console] [INFO]- æ— keyé”®:deprecated[0m
[32m[2020-01-11 16:55:49,863] [logger.py:91] [logger:__console] [INFO]- æ— keyé”®:deprecated[0m
[32m[2020-01-11 16:55:49,864] [logger.py:91] [logger:__console] [INFO]- æ— keyé”®:deprecated[0m
